Determining if the pthread_create exist failed with the following output:
Change Dir: /home/edward/lab_10/build/CMakeFiles/CMakeTmp

Run Build Command:"/usr/bin/make" "cmTC_c3c4b/fast"
/usr/bin/make -f CMakeFiles/cmTC_c3c4b.dir/build.make CMakeFiles/cmTC_c3c4b.dir/build
make[1]: Entering directory '/home/edward/lab_10/build/CMakeFiles/CMakeTmp'
Building C object CMakeFiles/cmTC_c3c4b.dir/CheckSymbolExists.c.o
/usr/bin/cc    -o CMakeFiles/cmTC_c3c4b.dir/CheckSymbolExists.c.o   -c /home/edward/lab_10/build/CMakeFiles/CMakeTmp/CheckSymbolExists.c
Linking C executable cmTC_c3c4b
/usr/bin/cmake -E cmake_link_script CMakeFiles/cmTC_c3c4b.dir/link.txt --verbose=1
/usr/bin/cc      -rdynamic CMakeFiles/cmTC_c3c4b.dir/CheckSymbolExists.c.o  -o cmTC_c3c4b 
CMakeFiles/cmTC_c3c4b.dir/CheckSymbolExists.c.o: In function `main':
CheckSymbolExists.c:(.text+0x1b): undefined reference to `pthread_create'
collect2: error: ld returned 1 exit status
CMakeFiles/cmTC_c3c4b.dir/build.make:97: recipe for target 'cmTC_c3c4b' failed
make[1]: *** [cmTC_c3c4b] Error 1
make[1]: Leaving directory '/home/edward/lab_10/build/CMakeFiles/CMakeTmp'
Makefile:126: recipe for target 'cmTC_c3c4b/fast' failed
make: *** [cmTC_c3c4b/fast] Error 2

File /home/edward/lab_10/build/CMakeFiles/CMakeTmp/CheckSymbolExists.c:
/* */
#include <pthread.h>

int main(int argc, char** argv)
{
  (void)argv;
#ifndef pthread_create
  return ((int*)(&pthread_create))[argc];
#else
  (void)argc;
  return 0;
#endif
}

Determining if the function pthread_create exists in the pthreads failed with the following output:
Change Dir: /home/edward/lab_10/build/CMakeFiles/CMakeTmp

Run Build Command:"/usr/bin/make" "cmTC_17b09/fast"
/usr/bin/make -f CMakeFiles/cmTC_17b09.dir/build.make CMakeFiles/cmTC_17b09.dir/build
make[1]: Entering directory '/home/edward/lab_10/build/CMakeFiles/CMakeTmp'
Building C object CMakeFiles/cmTC_17b09.dir/CheckFunctionExists.c.o
/usr/bin/cc   -DCHECK_FUNCTION_EXISTS=pthread_create   -o CMakeFiles/cmTC_17b09.dir/CheckFunctionExists.c.o   -c /usr/share/cmake-3.10/Modules/CheckFunctionExists.c
Linking C executable cmTC_17b09
/usr/bin/cmake -E cmake_link_script CMakeFiles/cmTC_17b09.dir/link.txt --verbose=1
/usr/bin/cc  -DCHECK_FUNCTION_EXISTS=pthread_create    -rdynamic CMakeFiles/cmTC_17b09.dir/CheckFunctionExists.c.o  -o cmTC_17b09 -lpthreads 
/usr/bin/ld: cannot find -lpthreads
collect2: error: ld returned 1 exit status
CMakeFiles/cmTC_17b09.dir/build.make:97: recipe for target 'cmTC_17b09' failed
make[1]: *** [cmTC_17b09] Error 1
make[1]: Leaving directory '/home/edward/lab_10/build/CMakeFiles/CMakeTmp'
Makefile:126: recipe for target 'cmTC_17b09/fast' failed
make: *** [cmTC_17b09/fast] Error 2


